[3.082s] Invoking command in '/home/logolica99/ros2_ws/build/my_robot_controller': PYTHONPATH=/home/logolica99/ros2_ws/build/my_robot_controller/prefix_override:/home/logolica99/ros2_ws/install/my_robot_controller/lib/python3.10/site-packages:${PYTHONPATH} /usr/bin/python3 setup.py develop --editable --build-directory /home/logolica99/ros2_ws/build/my_robot_controller/build --no-deps install_data
[3.792s] running develop
[4.198s] running egg_info
[4.198s] writing my_robot_controller.egg-info/PKG-INFO
[4.200s] writing dependency_links to my_robot_controller.egg-info/dependency_links.txt
[4.200s] writing entry points to my_robot_controller.egg-info/entry_points.txt
[4.201s] writing requirements to my_robot_controller.egg-info/requires.txt
[4.202s] writing top-level names to my_robot_controller.egg-info/top_level.txt
[4.208s] reading manifest file 'my_robot_controller.egg-info/SOURCES.txt'
[4.210s] writing manifest file 'my_robot_controller.egg-info/SOURCES.txt'
[4.214s] running build_ext
[4.214s] Creating /home/logolica99/ros2_ws/install/my_robot_controller/lib/python3.10/site-packages/my-robot-controller.egg-link (link to .)
[4.217s] Installing draw_circle script to /home/logolica99/ros2_ws/install/my_robot_controller/lib/my_robot_controller
[4.218s] Installing pose_subscriber script to /home/logolica99/ros2_ws/install/my_robot_controller/lib/my_robot_controller
[4.218s] Installing test_node script to /home/logolica99/ros2_ws/install/my_robot_controller/lib/my_robot_controller
[4.219s] 
[4.219s] Installed /home/logolica99/ros2_ws/build/my_robot_controller
[4.219s] running install_data
[4.220s] copying package.xml -> /home/logolica99/ros2_ws/install/my_robot_controller/share/my_robot_controller
[4.325s] Invoked command in '/home/logolica99/ros2_ws/build/my_robot_controller' returned '0': PYTHONPATH=/home/logolica99/ros2_ws/build/my_robot_controller/prefix_override:/home/logolica99/ros2_ws/install/my_robot_controller/lib/python3.10/site-packages:${PYTHONPATH} /usr/bin/python3 setup.py develop --editable --build-directory /home/logolica99/ros2_ws/build/my_robot_controller/build --no-deps install_data
