[2.008s] Invoking command in '/home/logolica99/ros2_ws/build/my_robot_controller': PYTHONPATH=/home/logolica99/ros2_ws/build/my_robot_controller/prefix_override:/home/logolica99/ros2_ws/install/my_robot_controller/lib/python3.10/site-packages:${PYTHONPATH} /usr/bin/python3 setup.py develop --editable --build-directory /home/logolica99/ros2_ws/build/my_robot_controller/build --no-deps install_data
[2.703s] running develop
[3.082s] running egg_info
[3.083s] writing my_robot_controller.egg-info/PKG-INFO
[3.083s] writing dependency_links to my_robot_controller.egg-info/dependency_links.txt
[3.083s] writing entry points to my_robot_controller.egg-info/entry_points.txt
[3.084s] writing requirements to my_robot_controller.egg-info/requires.txt
[3.085s] writing top-level names to my_robot_controller.egg-info/top_level.txt
[3.090s] reading manifest file 'my_robot_controller.egg-info/SOURCES.txt'
[3.093s] writing manifest file 'my_robot_controller.egg-info/SOURCES.txt'
[3.098s] running build_ext
[3.098s] Creating /home/logolica99/ros2_ws/install/my_robot_controller/lib/python3.10/site-packages/my-robot-controller.egg-link (link to .)
[3.101s] Installing color_subscriber script to /home/logolica99/ros2_ws/install/my_robot_controller/lib/my_robot_controller
[3.101s] Installing draw_circle script to /home/logolica99/ros2_ws/install/my_robot_controller/lib/my_robot_controller
[3.101s] Installing pose_subscriber script to /home/logolica99/ros2_ws/install/my_robot_controller/lib/my_robot_controller
[3.102s] Installing test_node script to /home/logolica99/ros2_ws/install/my_robot_controller/lib/my_robot_controller
[3.102s] 
[3.102s] Installed /home/logolica99/ros2_ws/build/my_robot_controller
[3.102s] running install_data
[3.199s] Invoked command in '/home/logolica99/ros2_ws/build/my_robot_controller' returned '0': PYTHONPATH=/home/logolica99/ros2_ws/build/my_robot_controller/prefix_override:/home/logolica99/ros2_ws/install/my_robot_controller/lib/python3.10/site-packages:${PYTHONPATH} /usr/bin/python3 setup.py develop --editable --build-directory /home/logolica99/ros2_ws/build/my_robot_controller/build --no-deps install_data
