[1.182s] DEBUG:colcon:Command line arguments: ['/usr/bin/colcon', 'list', '-p', '--base-paths', '/home/logolica99/ros2_ws']
[1.182s] DEBUG:colcon:Parsed command line arguments: Namespace(log_base=None, log_level=None, verb_name='list', build_base='build', ignore_user_meta=False, metas=['./colcon.meta'], base_paths=['/home/logolica99/ros2_ws'], packages_ignore=None, packages_ignore_regex=None, paths=None, packages_up_to=None, packages_up_to_regex=None, packages_above=None, packages_above_and_dependencies=None, packages_above_depth=None, packages_select_by_dep=None, packages_skip_by_dep=None, packages_skip_up_to=None, packages_select_build_failed=False, packages_skip_build_finished=False, packages_select_test_failures=False, packages_skip_test_passed=False, packages_select=None, packages_skip=None, packages_select_regex=None, packages_skip_regex=None, packages_start=None, packages_end=None, allow_overriding=[], topological_order=False, names_only=False, paths_only=True, topological_graph=False, topological_graph_dot=False, topological_graph_density=False, topological_graph_legend=False, topological_graph_dot_cluster=False, topological_graph_dot_include_skipped=False, verb_parser=<colcon_defaults.argument_parser.defaults.DefaultArgumentsDecorator object at 0x7f7fcc3f43d0>, verb_extension=<colcon_package_information.verb.list.ListVerb object at 0x7f7fccdb41c0>, main=<bound method ListVerb.main of <colcon_package_information.verb.list.ListVerb object at 0x7f7fccdb41c0>>)
[1.371s] Level 1:colcon.colcon_core.package_discovery:discover_packages(colcon_meta) check parameters
[1.372s] Level 1:colcon.colcon_core.package_discovery:discover_packages(recursive) check parameters
[1.372s] Level 1:colcon.colcon_core.package_discovery:discover_packages(ignore) check parameters
[1.373s] Level 1:colcon.colcon_core.package_discovery:discover_packages(path) check parameters
[1.373s] Level 1:colcon.colcon_core.package_discovery:discover_packages(recursive) discover
[1.373s] INFO:colcon.colcon_core.package_discovery:Crawling recursively for packages in '/home/logolica99/ros2_ws'
[1.377s] Level 1:colcon.colcon_core.package_identification:_identify(/home/logolica99/ros2_ws) by extensions ['ignore', 'ignore_ament_install']
[1.377s] Level 1:colcon.colcon_core.package_identification:_identify(/home/logolica99/ros2_ws) by extension 'ignore'
[1.378s] Level 1:colcon.colcon_core.package_identification:_identify(/home/logolica99/ros2_ws) by extension 'ignore_ament_install'
[1.379s] Level 1:colcon.colcon_core.package_identification:_identify(/home/logolica99/ros2_ws) by extensions ['colcon_pkg']
[1.380s] Level 1:colcon.colcon_core.package_identification:_identify(/home/logolica99/ros2_ws) by extension 'colcon_pkg'
[1.381s] Level 1:colcon.colcon_core.package_identification:_identify(/home/logolica99/ros2_ws) by extensions ['colcon_meta']
[1.381s] Level 1:colcon.colcon_core.package_identification:_identify(/home/logolica99/ros2_ws) by extension 'colcon_meta'
[1.382s] Level 1:colcon.colcon_core.package_identification:_identify(/home/logolica99/ros2_ws) by extensions ['ros']
[1.382s] Level 1:colcon.colcon_core.package_identification:_identify(/home/logolica99/ros2_ws) by extension 'ros'
[1.629s] Level 1:colcon.colcon_core.package_identification:_identify(/home/logolica99/ros2_ws) by extensions ['cmake', 'python']
[1.629s] Level 1:colcon.colcon_core.package_identification:_identify(/home/logolica99/ros2_ws) by extension 'cmake'
[1.630s] Level 1:colcon.colcon_core.package_identification:_identify(/home/logolica99/ros2_ws) by extension 'python'
[1.630s] Level 1:colcon.colcon_core.package_identification:_identify(/home/logolica99/ros2_ws) by extensions ['python_setup_py']
[1.630s] Level 1:colcon.colcon_core.package_identification:_identify(/home/logolica99/ros2_ws) by extension 'python_setup_py'
[1.643s] Level 1:colcon.colcon_core.package_identification:_identify(/home/logolica99/ros2_ws/build) by extensions ['ignore', 'ignore_ament_install']
[1.645s] Level 1:colcon.colcon_core.package_identification:_identify(/home/logolica99/ros2_ws/build) by extension 'ignore'
[1.647s] Level 1:colcon.colcon_core.package_identification:_identify(/home/logolica99/ros2_ws/build) ignored
[1.649s] Level 1:colcon.colcon_core.package_identification:_identify(/home/logolica99/ros2_ws/install) by extensions ['ignore', 'ignore_ament_install']
[1.651s] Level 1:colcon.colcon_core.package_identification:_identify(/home/logolica99/ros2_ws/install) by extension 'ignore'
[1.652s] Level 1:colcon.colcon_core.package_identification:_identify(/home/logolica99/ros2_ws/install) ignored
[1.653s] Level 1:colcon.colcon_core.package_identification:_identify(/home/logolica99/ros2_ws/log) by extensions ['ignore', 'ignore_ament_install']
[1.654s] Level 1:colcon.colcon_core.package_identification:_identify(/home/logolica99/ros2_ws/log) by extension 'ignore'
[1.654s] Level 1:colcon.colcon_core.package_identification:_identify(/home/logolica99/ros2_ws/log) ignored
[1.655s] Level 1:colcon.colcon_core.package_identification:_identify(/home/logolica99/ros2_ws/src) by extensions ['ignore', 'ignore_ament_install']
[1.656s] Level 1:colcon.colcon_core.package_identification:_identify(/home/logolica99/ros2_ws/src) by extension 'ignore'
[1.657s] Level 1:colcon.colcon_core.package_identification:_identify(/home/logolica99/ros2_ws/src) by extension 'ignore_ament_install'
[1.658s] Level 1:colcon.colcon_core.package_identification:_identify(/home/logolica99/ros2_ws/src) by extensions ['colcon_pkg']
[1.658s] Level 1:colcon.colcon_core.package_identification:_identify(/home/logolica99/ros2_ws/src) by extension 'colcon_pkg'
[1.658s] Level 1:colcon.colcon_core.package_identification:_identify(/home/logolica99/ros2_ws/src) by extensions ['colcon_meta']
[1.658s] Level 1:colcon.colcon_core.package_identification:_identify(/home/logolica99/ros2_ws/src) by extension 'colcon_meta'
[1.659s] Level 1:colcon.colcon_core.package_identification:_identify(/home/logolica99/ros2_ws/src) by extensions ['ros']
[1.659s] Level 1:colcon.colcon_core.package_identification:_identify(/home/logolica99/ros2_ws/src) by extension 'ros'
[1.660s] Level 1:colcon.colcon_core.package_identification:_identify(/home/logolica99/ros2_ws/src) by extensions ['cmake', 'python']
[1.660s] Level 1:colcon.colcon_core.package_identification:_identify(/home/logolica99/ros2_ws/src) by extension 'cmake'
[1.661s] Level 1:colcon.colcon_core.package_identification:_identify(/home/logolica99/ros2_ws/src) by extension 'python'
[1.661s] Level 1:colcon.colcon_core.package_identification:_identify(/home/logolica99/ros2_ws/src) by extensions ['python_setup_py']
[1.661s] Level 1:colcon.colcon_core.package_identification:_identify(/home/logolica99/ros2_ws/src) by extension 'python_setup_py'
[1.666s] Level 1:colcon.colcon_core.package_identification:_identify(/home/logolica99/ros2_ws/src/my_robot_controller) by extensions ['ignore', 'ignore_ament_install']
[1.670s] Level 1:colcon.colcon_core.package_identification:_identify(/home/logolica99/ros2_ws/src/my_robot_controller) by extension 'ignore'
[1.671s] Level 1:colcon.colcon_core.package_identification:_identify(/home/logolica99/ros2_ws/src/my_robot_controller) by extension 'ignore_ament_install'
[1.674s] Level 1:colcon.colcon_core.package_identification:_identify(/home/logolica99/ros2_ws/src/my_robot_controller) by extensions ['colcon_pkg']
[1.677s] Level 1:colcon.colcon_core.package_identification:_identify(/home/logolica99/ros2_ws/src/my_robot_controller) by extension 'colcon_pkg'
[1.680s] Level 1:colcon.colcon_core.package_identification:_identify(/home/logolica99/ros2_ws/src/my_robot_controller) by extensions ['colcon_meta']
[1.685s] Level 1:colcon.colcon_core.package_identification:_identify(/home/logolica99/ros2_ws/src/my_robot_controller) by extension 'colcon_meta'
[1.687s] Level 1:colcon.colcon_core.package_identification:_identify(/home/logolica99/ros2_ws/src/my_robot_controller) by extensions ['ros']
[1.688s] Level 1:colcon.colcon_core.package_identification:_identify(/home/logolica99/ros2_ws/src/my_robot_controller) by extension 'ros'
[1.728s] DEBUG:colcon.colcon_core.package_identification:Package '/home/logolica99/ros2_ws/src/my_robot_controller' with type 'ros.ament_python' and name 'my_robot_controller'
[1.729s] Level 1:colcon.colcon_core.package_discovery:discover_packages(recursive) using defaults
