[1.297s] Invoking command in '/home/logolica99/ros2_ws/src/my_robot_controller': PYTHONPATH=/home/logolica99/ros2_ws/build/my_robot_controller/prefix_override:/home/logolica99/ros2_ws/install/my_robot_controller/lib/python3.10/site-packages:${PYTHONPATH} /usr/bin/python3 setup.py egg_info --egg-base ../../build/my_robot_controller build --build-base /home/logolica99/ros2_ws/build/my_robot_controller/build install --record /home/logolica99/ros2_ws/build/my_robot_controller/install.log --single-version-externally-managed
[1.689s] running egg_info
[1.692s] writing ../../build/my_robot_controller/my_robot_controller.egg-info/PKG-INFO
[1.693s] writing dependency_links to ../../build/my_robot_controller/my_robot_controller.egg-info/dependency_links.txt
[1.693s] writing entry points to ../../build/my_robot_controller/my_robot_controller.egg-info/entry_points.txt
[1.693s] writing requirements to ../../build/my_robot_controller/my_robot_controller.egg-info/requires.txt
[1.693s] writing top-level names to ../../build/my_robot_controller/my_robot_controller.egg-info/top_level.txt
[1.696s] reading manifest file '../../build/my_robot_controller/my_robot_controller.egg-info/SOURCES.txt'
[1.698s] writing manifest file '../../build/my_robot_controller/my_robot_controller.egg-info/SOURCES.txt'
[1.698s] running build
[1.698s] running build_py
[1.698s] running install
[1.699s] /usr/lib/python3/dist-packages/setuptools/command/install.py:34: SetuptoolsDeprecationWarning: setup.py install is deprecated. Use build and pip and other standards-based tools.
[1.699s]   warnings.warn(
[1.700s] running install_lib
[1.701s] running install_data
[1.702s] running install_egg_info
[1.705s] removing '/home/logolica99/ros2_ws/install/my_robot_controller/lib/python3.10/site-packages/my_robot_controller-0.0.0-py3.10.egg-info' (and everything under it)
[1.706s] Copying ../../build/my_robot_controller/my_robot_controller.egg-info to /home/logolica99/ros2_ws/install/my_robot_controller/lib/python3.10/site-packages/my_robot_controller-0.0.0-py3.10.egg-info
[1.711s] running install_scripts
[1.751s] writing list of installed files to '/home/logolica99/ros2_ws/build/my_robot_controller/install.log'
[1.809s] Invoked command in '/home/logolica99/ros2_ws/src/my_robot_controller' returned '0': PYTHONPATH=/home/logolica99/ros2_ws/build/my_robot_controller/prefix_override:/home/logolica99/ros2_ws/install/my_robot_controller/lib/python3.10/site-packages:${PYTHONPATH} /usr/bin/python3 setup.py egg_info --egg-base ../../build/my_robot_controller build --build-base /home/logolica99/ros2_ws/build/my_robot_controller/build install --record /home/logolica99/ros2_ws/build/my_robot_controller/install.log --single-version-externally-managed
