[1.358s] Invoking command in '/home/logolica99/ros2_ws/build/my_robot_controller': PYTHONPATH=/home/logolica99/ros2_ws/build/my_robot_controller/prefix_override:/home/logolica99/ros2_ws/install/my_robot_controller/lib/python3.10/site-packages:${PYTHONPATH} /usr/bin/python3 setup.py develop --editable --build-directory /home/logolica99/ros2_ws/build/my_robot_controller/build --no-deps install_data
[1.856s] running develop
[2.195s] running egg_info
[2.197s] writing my_robot_controller.egg-info/PKG-INFO
[2.197s] writing dependency_links to my_robot_controller.egg-info/dependency_links.txt
[2.198s] writing entry points to my_robot_controller.egg-info/entry_points.txt
[2.199s] writing requirements to my_robot_controller.egg-info/requires.txt
[2.200s] writing top-level names to my_robot_controller.egg-info/top_level.txt
[2.205s] reading manifest file 'my_robot_controller.egg-info/SOURCES.txt'
[2.206s] writing manifest file 'my_robot_controller.egg-info/SOURCES.txt'
[2.209s] running build_ext
[2.210s] Creating /home/logolica99/ros2_ws/install/my_robot_controller/lib/python3.10/site-packages/my-robot-controller.egg-link (link to .)
[2.211s] Installing color_subscriber script to /home/logolica99/ros2_ws/install/my_robot_controller/lib/my_robot_controller
[2.212s] Installing draw_circle script to /home/logolica99/ros2_ws/install/my_robot_controller/lib/my_robot_controller
[2.212s] Installing pose_subscriber script to /home/logolica99/ros2_ws/install/my_robot_controller/lib/my_robot_controller
[2.212s] Installing test_node script to /home/logolica99/ros2_ws/install/my_robot_controller/lib/my_robot_controller
[2.213s] 
[2.213s] Installed /home/logolica99/ros2_ws/build/my_robot_controller
[2.213s] running install_data
[2.302s] Invoked command in '/home/logolica99/ros2_ws/build/my_robot_controller' returned '0': PYTHONPATH=/home/logolica99/ros2_ws/build/my_robot_controller/prefix_override:/home/logolica99/ros2_ws/install/my_robot_controller/lib/python3.10/site-packages:${PYTHONPATH} /usr/bin/python3 setup.py develop --editable --build-directory /home/logolica99/ros2_ws/build/my_robot_controller/build --no-deps install_data
