[1.339s] Invoking command in '/home/logolica99/ros2_ws/src/my_robot_controller': PYTHONPATH=/home/logolica99/ros2_ws/build/my_robot_controller/prefix_override:/home/logolica99/ros2_ws/install/my_robot_controller/lib/python3.10/site-packages:${PYTHONPATH} /usr/bin/python3 setup.py egg_info --egg-base ../../build/my_robot_controller build --build-base /home/logolica99/ros2_ws/build/my_robot_controller/build install --record /home/logolica99/ros2_ws/build/my_robot_controller/install.log --single-version-externally-managed
[2.068s] running egg_info
[2.071s] writing ../../build/my_robot_controller/my_robot_controller.egg-info/PKG-INFO
[2.071s] writing dependency_links to ../../build/my_robot_controller/my_robot_controller.egg-info/dependency_links.txt
[2.072s] writing entry points to ../../build/my_robot_controller/my_robot_controller.egg-info/entry_points.txt
[2.073s] writing requirements to ../../build/my_robot_controller/my_robot_controller.egg-info/requires.txt
[2.074s] writing top-level names to ../../build/my_robot_controller/my_robot_controller.egg-info/top_level.txt
[2.079s] reading manifest file '../../build/my_robot_controller/my_robot_controller.egg-info/SOURCES.txt'
[2.082s] writing manifest file '../../build/my_robot_controller/my_robot_controller.egg-info/SOURCES.txt'
[2.082s] running build
[2.083s] running build_py
[2.083s] copying my_robot_controller/my_first_node.py -> /home/logolica99/ros2_ws/build/my_robot_controller/build/lib/my_robot_controller
[2.083s] running install
[2.084s] running install_lib
[2.085s] copying /home/logolica99/ros2_ws/build/my_robot_controller/build/lib/my_robot_controller/my_first_node.py -> /home/logolica99/ros2_ws/install/my_robot_controller/lib/python3.10/site-packages/my_robot_controller
[2.086s] byte-compiling /home/logolica99/ros2_ws/install/my_robot_controller/lib/python3.10/site-packages/my_robot_controller/my_first_node.py to my_first_node.cpython-310.pyc
[2.087s] running install_data
[2.089s] running install_egg_info
[2.092s] removing '/home/logolica99/ros2_ws/install/my_robot_controller/lib/python3.10/site-packages/my_robot_controller-0.0.0-py3.10.egg-info' (and everything under it)
[2.093s] Copying ../../build/my_robot_controller/my_robot_controller.egg-info to /home/logolica99/ros2_ws/install/my_robot_controller/lib/python3.10/site-packages/my_robot_controller-0.0.0-py3.10.egg-info
[2.095s] running install_scripts
[2.131s] Installing test_node script to /home/logolica99/ros2_ws/install/my_robot_controller/lib/my_robot_controller
[2.131s] writing list of installed files to '/home/logolica99/ros2_ws/build/my_robot_controller/install.log'
[2.203s] Invoked command in '/home/logolica99/ros2_ws/src/my_robot_controller' returned '0': PYTHONPATH=/home/logolica99/ros2_ws/build/my_robot_controller/prefix_override:/home/logolica99/ros2_ws/install/my_robot_controller/lib/python3.10/site-packages:${PYTHONPATH} /usr/bin/python3 setup.py egg_info --egg-base ../../build/my_robot_controller build --build-base /home/logolica99/ros2_ws/build/my_robot_controller/build install --record /home/logolica99/ros2_ws/build/my_robot_controller/install.log --single-version-externally-managed
